[03-31 12:23:08]: [INFO] Created column 'regdate' and set the current timestamp, 1585646588124, to all 0 rows
[03-31 12:23:08]: [INFO] SQLite Setup finished
[03-31 12:23:08]: [INFO] No supported permissions system found! Permissions are disabled!
[03-31 12:23:08]: [WARN] Could not download GeoLiteAPI database [UnknownHostException]: geolite.maxmind.com
[03-31 12:23:08]: java.net.UnknownHostException: geolite.maxmind.com
	at java.net.AbstractPlainSocketImpl.connect(Unknown Source)
	at java.net.PlainSocketImpl.connect(Unknown Source)
	at java.net.SocksSocketImpl.connect(Unknown Source)
	at java.net.Socket.connect(Unknown Source)
	at sun.net.NetworkClient.doConnect(Unknown Source)
	at sun.net.www.http.HttpClient.openServer(Unknown Source)
	at sun.net.www.http.HttpClient.openServer(Unknown Source)
	at sun.net.www.http.HttpClient.<init>(Unknown Source)
	at sun.net.www.http.HttpClient.New(Unknown Source)
	at sun.net.www.http.HttpClient.New(Unknown Source)
	at sun.net.www.protocol.http.HttpURLConnection.getNewHttpClient(Unknown Source)
	at sun.net.www.protocol.http.HttpURLConnection.plainConnect0(Unknown Source)
	at sun.net.www.protocol.http.HttpURLConnection.plainConnect(Unknown Source)
	at sun.net.www.protocol.http.HttpURLConnection.connect(Unknown Source)
	at fr.xephi.authme.service.GeoIpService$1.run(GeoIpService.java:93)
	at java.lang.Thread.run(Unknown Source)

[03-31 12:23:08]: [WARN] WARNING! The protectInventory feature requires ProtocolLib! Disabling it...
[03-31 12:23:08]: [INFO] Development builds are available on our jenkins, thanks to f14stelt.
[03-31 12:23:08]: [INFO] Do you want a good game server? Look at our sponsor GameHosting.it leader in Italy as Game Server Provider!
[03-31 12:23:08]: [INFO] AuthMe 5.4.0 build n.1877 correctly enabled!
[03-31 12:27:16]: [INFO] AuthMe 5.4.0-b1877 disabled!
[03-31 12:28:31]: [INFO] SQLite Setup finished
[03-31 12:28:32]: [INFO] No supported permissions system found! Permissions are disabled!
[03-31 12:28:32]: [WARN] Could not download GeoLiteAPI database [UnknownHostException]: geolite.maxmind.com
[03-31 12:28:32]: java.net.UnknownHostException: geolite.maxmind.com
	at java.net.AbstractPlainSocketImpl.connect(Unknown Source)
	at java.net.PlainSocketImpl.connect(Unknown Source)
	at java.net.SocksSocketImpl.connect(Unknown Source)
	at java.net.Socket.connect(Unknown Source)
	at sun.net.NetworkClient.doConnect(Unknown Source)
	at sun.net.www.http.HttpClient.openServer(Unknown Source)
	at sun.net.www.http.HttpClient.openServer(Unknown Source)
	at sun.net.www.http.HttpClient.<init>(Unknown Source)
	at sun.net.www.http.HttpClient.New(Unknown Source)
	at sun.net.www.http.HttpClient.New(Unknown Source)
	at sun.net.www.protocol.http.HttpURLConnection.getNewHttpClient(Unknown Source)
	at sun.net.www.protocol.http.HttpURLConnection.plainConnect0(Unknown Source)
	at sun.net.www.protocol.http.HttpURLConnection.plainConnect(Unknown Source)
	at sun.net.www.protocol.http.HttpURLConnection.connect(Unknown Source)
	at fr.xephi.authme.service.GeoIpService$1.run(GeoIpService.java:93)
	at java.lang.Thread.run(Unknown Source)

[03-31 12:28:32]: [WARN] WARNING! The protectInventory feature requires ProtocolLib! Disabling it...
[03-31 12:28:32]: [INFO] Development builds are available on our jenkins, thanks to f14stelt.
[03-31 12:28:32]: [INFO] Do you want a good game server? Look at our sponsor GameHosting.it leader in Italy as Game Server Provider!
[03-31 12:28:32]: [INFO] AuthMe 5.4.0 build n.1877 correctly enabled!
[03-31 12:30:29]: [INFO] AuthMe 5.4.0-b1877 disabled!
