[21:53:07] [Server thread/INFO]: Starting minecraft server version 1.12.2
[21:53:07] [Server thread/INFO]: Loading properties
[21:53:07] [Server thread/INFO]: Default game type: ADVENTURE
[21:53:07] [Server thread/INFO]: This server is running CraftBukkit version git-Spigot-dcd1643-e60fc34 (MC: 1.12.2) (Implementing API version 1.12.2-R0.1-SNAPSHOT)
[21:53:07] [Server thread/INFO]: Debug logging is disabled
[21:53:07] [Server thread/INFO]: Using 4 threads for Netty based IO
[21:53:07] [Server thread/INFO]: Server Ping Player Sample Count: 12
[21:53:07] [Server thread/INFO]: Generating keypair
[21:53:08] [Server thread/INFO]: Starting Minecraft server on *:25566
[21:53:08] [Server thread/INFO]: Using default channel type
[21:53:08] [Server thread/INFO]: Set PluginClassLoader as parallel capable
[21:53:08] [Server thread/INFO]: [ViaVersion] Hooking into ProtocolSupport, to prevent issues!
[21:53:08] [Server thread/INFO]: [AuthMe] Loading AuthMe v5.4.0-b1877
[21:53:08] [Server thread/INFO]: [SkinsRestorer] Loading SkinsRestorer v13.5.1-SNAPSHOT
[21:53:08] [Server thread/INFO]: [AuthServer] Loading AuthServer v1.0
[21:53:08] [Server thread/INFO]: [ProtocolSupport] Loading ProtocolSupport v4.28
[21:53:08] [Server thread/INFO]: [ProtocolSupport] Detected Spigot server implementation type
[21:53:08] [Server thread/INFO]: [ProtocolSupport] Allocator: PooledByteBufAllocator(directByDefault: true), direct: true
[21:53:09] [Server thread/INFO]: [ProtocolSupport] Compression level: 3
[21:53:09] [Server thread/INFO]: [ProtocolSupport] Assume 1.5.2 ping delay: 100
[21:53:09] [Server thread/INFO]: [ProtocolSupport] Assume legacy ping delay: 200
[21:53:09] [Server thread/INFO]: [ProtocolSupport] Login threads keep alive time: 60
[21:53:11] [Server thread/INFO]: [ViaVersion] Loading ViaVersion v2.1.1
[21:53:11] [Server thread/INFO]: [ViaVersion] ViaVersion 2.1.1 is now loaded, injecting!
[21:53:11] [Server thread/INFO]: [ViaVersion] Loading 1.12.2 -> 1.13 block mapping...
[21:53:11] [Server thread/INFO]: [ViaVersion] Loading 1.12.2 -> 1.13 item mapping...
[21:53:11] [Server thread/INFO]: [ViaVersion] Loading new 1.13 tags...
[21:53:11] [Server thread/INFO]: [ViaVersion] Loading 1.12.2 -> 1.13 enchantment mapping...
[21:53:11] [Server thread/INFO]: [ViaVersion] Loading 1.12.2 -> 1.13 sound mapping...
[21:53:11] [Server thread/INFO]: [ViaVersion] Loading translation mappping
[21:53:12] [Server thread/INFO]: [ViaVersion] Loading 1.13.2 -> 1.14 blockstate mapping...
[21:53:12] [Server thread/INFO]: [ViaVersion] Loading 1.13.2 -> 1.14 block mapping...
[21:53:12] [Server thread/INFO]: [ViaVersion] Loading 1.13.2 -> 1.14 item mapping...
[21:53:12] [Server thread/INFO]: [ViaVersion] Loading 1.13.2 -> 1.14 sound mapping...
[21:53:12] [Server thread/INFO]: [ViaVersion] Loading 1.14 blockstates...
[21:53:12] [Server thread/INFO]: [ViaVersion] Loading 1.14 heightmap data...
[21:53:12] [Server thread/INFO]: [ProtocolSupport] Enabling ProtocolSupport v4.28
[21:53:12] [Server thread/WARN]: **** SERVER IS RUNNING IN OFFLINE/INSECURE MODE!
[21:53:12] [Server thread/WARN]: The server will make no attempt to authenticate usernames. Beware.
[21:53:12] [Server thread/WARN]: While this makes the game possible to play without internet access, it also opens up the ability for hackers to connect with any username they choose.
[21:53:12] [Server thread/WARN]: To change this, set "online-mode" to "true" in the server.properties file.
[21:53:12] [Server thread/INFO]: **** Beginning UUID conversion, this may take A LONG time ****
[21:53:12] [Server thread/INFO]: Preparing level "world"
[21:53:12] [Server thread/INFO]: -------- World Settings For [world] --------
[21:53:12] [Server thread/INFO]: Item Merge Radius: 2.5
[21:53:12] [Server thread/INFO]: Item Despawn Rate: 6000
[21:53:12] [Server thread/INFO]: Arrow Despawn Rate: 1200
[21:53:12] [Server thread/INFO]: Allow Zombie Pigmen to spawn from portal blocks: true
[21:53:12] [Server thread/INFO]: Experience Merge Radius: 3.0
[21:53:12] [Server thread/INFO]: View Distance: 10
[21:53:12] [Server thread/INFO]: Nerfing mobs spawned from spawners: false
[21:53:12] [Server thread/INFO]: Zombie Aggressive Towards Villager: true
[21:53:12] [Server thread/INFO]: Custom Map Seeds:  Village: 10387312 Feature: 14357617 Monument: 10387313 Slime: 987234911
[21:53:12] [Server thread/INFO]: Hopper Transfer: 8 Hopper Check: 1 Hopper Amount: 1
[21:53:12] [Server thread/INFO]: Random Lighting Updates: false
[21:53:12] [Server thread/INFO]: Mob Spawn Range: 4
[21:53:12] [Server thread/INFO]: Entity Tracking Range: Pl 48 / An 48 / Mo 48 / Mi 32 / Other 64
[21:53:12] [Server thread/INFO]: Structure Info Saving: true
[21:53:12] [Server thread/INFO]: Cactus Growth Modifier: 100%
[21:53:12] [Server thread/INFO]: Cane Growth Modifier: 100%
[21:53:12] [Server thread/INFO]: Melon Growth Modifier: 100%
[21:53:12] [Server thread/INFO]: Mushroom Growth Modifier: 100%
[21:53:12] [Server thread/INFO]: Pumpkin Growth Modifier: 100%
[21:53:12] [Server thread/INFO]: Sapling Growth Modifier: 100%
[21:53:12] [Server thread/INFO]: Wheat Growth Modifier: 100%
[21:53:12] [Server thread/INFO]: NetherWart Growth Modifier: 100%
[21:53:12] [Server thread/INFO]: Vine Growth Modifier: 100%
[21:53:12] [Server thread/INFO]: Cocoa Growth Modifier: 100%
[21:53:12] [Server thread/INFO]: Entity Activation Range: An 32 / Mo 32 / Mi 16 / Tiv true
[21:53:12] [Server thread/INFO]: Max TNT Explosions: 100
[21:53:12] [Server thread/INFO]: Tile Max Tick Time: 50ms Entity max Tick Time: 50ms
[21:53:13] [Server thread/INFO]: Preparing start region for level 0 (Seed: -6229932273058044842)
[21:53:13] [Server thread/INFO]: [AuthMe] Enabling AuthMe v5.4.0-b1877
[21:53:14] [Server thread/INFO]: [AuthMe] SQLite Setup finished
[21:53:14] [Server thread/INFO]: [AuthMe] No supported permissions system found! Permissions are disabled!
[21:53:14] [Thread-7/WARN]: [AuthMe] Could not download GeoLiteAPI database [UnknownHostException]: geolite.maxmind.com
[21:53:14] [Server thread/WARN]: [AuthMe] WARNING! The denyTabComplete feature requires ProtocolLib! Disabling it...
[21:53:14] [Server thread/INFO]: [AuthMe] Development builds are available on our jenkins, thanks to f14stelt.
[21:53:14] [Server thread/INFO]: [AuthMe] Do you want a good game server? Look at our sponsor GameHosting.it leader in Italy as Game Server Provider!
[21:53:14] [Server thread/INFO]: [AuthMe] AuthMe 5.4.0 build n.1877 correctly enabled!
[21:53:14] [Server thread/INFO]: [SkinsRestorer] Enabling SkinsRestorer v13.5.1-SNAPSHOT
[21:53:14] [Server thread/INFO]: [0;33;1m[[0;32;22mSkinsRestorer[0;33;1m] [0;32;1mDetected Minecraft [0;33;1mv1_12_R1[0;32;1m, using [0;33;1mUniversalSkinFactory[0;32;1m.[m
[21:53:14] [Server thread/INFO]: [AuthServer] Enabling AuthServer v1.0
[21:53:14] [Server thread/INFO]: AuthServer включен
[21:53:14] [Server thread/INFO]: [ViaVersion] Enabling ViaVersion v2.1.1
[21:53:14] [Server thread/INFO]: Server permissions file permissions.yml is empty, ignoring it
[21:53:14] [Server thread/INFO]: Done (1,692s)! For help, type "help" or "?"
[21:53:14] [Server thread/INFO]: Starting remote control listener
[21:53:14] [RCON Listener #1/INFO]: RCON running on 0.0.0.0:25576
[21:53:14] [Server thread/INFO]: [ViaVersion] ViaVersion detected server version: 1.12.2(340)
[21:53:14] [Craft Scheduler Thread - 0/WARN]: [SpigetUpdate] Invalid SemVer versions specified [1351-SNAPSHOT] [1375]
[21:53:14] [Craft Scheduler Thread - 0/INFO]: [0;33;1m[[0;32;22mSkinsRestorer[0;33;1m] [0;32;1m----------------------------------------------[m
[21:53:14] [Craft Scheduler Thread - 0/INFO]: [0;33;1m[[0;32;22mSkinsRestorer[0;33;1m] [0;32;1m    +===============+[m
[21:53:14] [Craft Scheduler Thread - 0/INFO]: [0;33;1m[[0;32;22mSkinsRestorer[0;33;1m] [0;32;1m    | SkinsRestorer |[m
[21:53:14] [Craft Scheduler Thread - 0/INFO]: [0;33;1m[[0;32;22mSkinsRestorer[0;33;1m] [0;32;1m    +===============+[m
[21:53:14] [Craft Scheduler Thread - 0/INFO]: [0;33;1m[[0;32;22mSkinsRestorer[0;33;1m] [0;32;1m----------------------------------------------[m
[21:53:14] [Craft Scheduler Thread - 0/INFO]: [0;33;1m[[0;32;22mSkinsRestorer[0;33;1m] [0;36;1m    Current version: [0;32;1m13.5.1-SNAPSHOT[m
[21:53:14] [Craft Scheduler Thread - 0/INFO]: [0;33;1m[[0;32;22mSkinsRestorer[0;33;1m] [0;32;1m    This is the latest version![m
[21:53:14] [Craft Scheduler Thread - 0/INFO]: [0;33;1m[[0;32;22mSkinsRestorer[0;33;1m] [0;32;1m----------------------------------------------[m
[21:53:15] [Server thread/WARN]: [ViaVersion] There is a newer version available: 2.2.3, you're on: 2.1.1
[21:53:21] [LoginProcessingThread/INFO]: UUID of player Missalequeen is 874b20eb-437f-351a-98f8-43e1d846b804
[21:53:21] [Server thread/INFO]: Missalequeen[/127.0.0.1:59759] logged in with entity id 6 at ([world]2.0, 10.0, 0.0)
[21:53:21] [Craft Scheduler Thread - 1/INFO]: [AuthMe] Missalequeen logged in!
[21:53:31] [Server thread/INFO]: Missalequeen issued server command: /auth
[21:53:33] [Server thread/INFO]: Missalequeen issued server command: /authme
[21:53:35] [Server thread/INFO]: Missalequeen issued server command: /authme help
[21:54:01] [Server thread/INFO]: Missalequeen issued server command: /authme setspawn
[21:54:19] [Server thread/INFO]: Missalequeen issued server command: /authme setfirstspawn
[21:54:35] [Server thread/INFO]: Missalequeen issued server command: /authme purge
[21:54:47] [Server thread/INFO]: Missalequeen issued server command: /authme help purge
[21:55:00] [Server thread/INFO]: Missalequeen issued server command: /authme purge 1
[21:55:04] [Server thread/INFO]: Missalequeen issued server command: /authme purge 100
[21:55:05] [Server thread/INFO]: [AuthMe] §6Deleted 1 user accounts
[21:55:05] [Server thread/INFO]: [AuthMe] Finished lookup of offlinePlayers. Begin looking purging player names only
[21:55:05] [Server thread/INFO]: [AuthMe] §6Deleted 2 user accounts
[21:55:05] [Server thread/INFO]: [AuthMe] Purge finished!
[21:55:07] [Server thread/INFO]: Missalequeen lost connection: Disconnected
[21:55:12] [LoginProcessingThread/INFO]: UUID of player Missalequeen is 874b20eb-437f-351a-98f8-43e1d846b804
[21:55:12] [Server thread/INFO]: Missalequeen[/127.0.0.1:59781] logged in with entity id 7 at ([world]2.035244866439405, 10.0, 0.08504931743138015)
[21:55:12] [Craft Scheduler Thread - 0/INFO]: [AuthMe] Missalequeen logged in!
[21:55:26] [Server thread/INFO]: Missalequeen issued server command: /authme help
[21:55:46] [Server thread/INFO]: Missalequeen issued server command: /authme unregister Missalequeen
[21:55:46] [Craft Scheduler Thread - 4/INFO]: [AuthMe] Missalequeen was unregistered by Missalequeen
[21:55:50] [Server thread/INFO]: Missalequeen lost connection: Disconnected
[21:55:53] [LoginProcessingThread/INFO]: UUID of player Missalequeen is 874b20eb-437f-351a-98f8-43e1d846b804
[21:55:53] [Server thread/INFO]: Missalequeen[/127.0.0.1:59804] logged in with entity id 8 at ([world]-10.235642306938276, 4.0, 31.428788822556815)
[21:56:08] [Craft Scheduler Thread - 4/INFO]: [AuthMe] Missalequeen logged in!
[21:56:08] [Server thread/INFO]: [AuthMe] Missalequeen registered 127.0.0.1
[21:56:08] [Server thread/WARN]: Missalequeen moved too quickly! 19.27843280375535,6.0,-9.793379234176687
[21:56:19] [Server thread/INFO]: Missalequeen issued server command: /authme setfirstspawn
[21:56:29] [Server thread/INFO]: Opped missalequeen
[21:56:41] [Server thread/INFO]: Missalequeen issued server command: /authme setfirstspawn
[21:56:49] [Server thread/INFO]: Missalequeen issued server command: /gamemode 1
[21:56:49] [Server thread/INFO]: [Missalequeen: Set own game mode to Creative Mode]
[21:56:55] [Server thread/INFO]: Missalequeen issued server command: /fly
[21:57:04] [Server thread/INFO]: Missalequeen lost connection: Disconnected
[21:57:06] [LoginProcessingThread/INFO]: UUID of player Missalequeen is 874b20eb-437f-351a-98f8-43e1d846b804
[21:57:06] [Server thread/INFO]: Missalequeen[/127.0.0.1:59830] logged in with entity id 9 at ([world]2.035244866439405, 10.0, 0.08504931743138015)
[21:57:06] [Craft Scheduler Thread - 4/INFO]: [AuthMe] Missalequeen logged in!
[21:57:16] [Server thread/INFO]: Missalequeen issued server command: /authme setspawn
[21:57:18] [Server thread/INFO]: Missalequeen lost connection: Disconnected
[21:57:22] [LoginProcessingThread/INFO]: UUID of player Missalequeen is 874b20eb-437f-351a-98f8-43e1d846b804
[21:57:22] [Server thread/INFO]: Missalequeen[/127.0.0.1:59848] logged in with entity id 10 at ([world]-10.997060399322006, 4.0, 29.63227860028096)
[21:57:22] [Craft Scheduler Thread - 5/INFO]: [AuthMe] Missalequeen logged in!
[21:57:30] [Server thread/INFO]: Missalequeen issued server command: /authme unregister Missalequeen
[21:57:30] [Craft Scheduler Thread - 4/INFO]: [AuthMe] Missalequeen was unregistered by Missalequeen
[21:57:33] [Server thread/INFO]: Missalequeen lost connection: Disconnected
[21:57:35] [LoginProcessingThread/INFO]: UUID of player Missalequeen is 874b20eb-437f-351a-98f8-43e1d846b804
[21:57:35] [Server thread/INFO]: Missalequeen[/127.0.0.1:59867] logged in with entity id 11 at ([world]2.4380508440576723, 10.0, -0.7239141296194935)
[21:57:47] [Server thread/INFO]: [AuthMe] Missalequeen registered 127.0.0.1
[21:57:47] [Craft Scheduler Thread - 7/INFO]: [AuthMe] Missalequeen logged in!
[21:57:52] [Server thread/INFO]: Missalequeen lost connection: Disconnected
[21:57:55] [Server thread/INFO]: Stopping the server
[21:57:55] [Server thread/INFO]: Stopping server
[21:57:55] [Server thread/INFO]: [ViaVersion] Disabling ViaVersion v2.1.1
[21:57:55] [Server thread/INFO]: [ViaVersion] ViaVersion is disabling, if this is a reload and you experience issues consider rebooting.
[21:57:55] [Server thread/INFO]: [ProtocolSupport] Disabling ProtocolSupport v4.28
[21:57:55] [Server thread/INFO]: [AuthServer] Disabling AuthServer v1.0
[21:57:55] [Server thread/INFO]: AuthServer выключен
[21:57:55] [Server thread/INFO]: [SkinsRestorer] Disabling SkinsRestorer v13.5.1-SNAPSHOT
[21:57:55] [Server thread/INFO]: [AuthMe] Disabling AuthMe v5.4.0-b1877
[21:57:55] [Server thread/INFO]: [AuthMe] Waiting for 0 tasks to finish
[21:57:55] [Server thread/INFO]: [AuthMe] AuthMe 5.4.0-b1877 disabled!
[21:57:55] [Server thread/INFO]: Saving players
[21:57:55] [Server thread/INFO]: Saving worlds
[21:57:55] [Server thread/INFO]: Saving chunks for level 'world'/overworld
